#
# A fatal error has been detected by the Java Runtime Environment:
#
#  EXCEPTION_ACCESS_VIOLATION (0xc0000005) at pc=0x0000000063c9537f, pid=3852, tid=2992
#
# JRE version: Java(TM) SE Runtime Environment (7.0_79-b15) (build 1.7.0_79-b15)
# Java VM: Java HotSpot(TM) 64-Bit Server VM (24.79-b02 mixed mode windows-amd64 compressed oops)
# Problematic frame:
# C  [awt.dll+0x7537f]
#
# Failed to write core dump. Minidumps are not enabled by default on client versions of Windows
#
# If you would like to submit a bug report, please visit:
#   http://bugreport.java.com/bugreport/crash.jsp
# The crash happened outside the Java Virtual Machine in native code.
# See problematic frame for where to report the bug.
#

---------------  T H R E A D  ---------------

Current thread (0x0000000008bec000):  JavaThread "AWT-Windows" daemon [_thread_in_native, id=2992, stack(0x00000000097c0000,0x00000000098c0000)]

siginfo: ExceptionCode=0xc0000005, reading address 0x0000000008b2ef40

Registers:
RAX=0x0000000008adde40, RBX=0x000000000000a220, RCX=0x0000000008a36e68, RDX=0x000000000000a220
RSP=0x00000000098be820, RBP=0x00000000098be919, RSI=0x0000000000000111, RDI=0x0000000008a36e60
R8 =0x0000000000000000, R9 =0x0000000000000000, R10=0x0000000063d12638, R11=0x0000000000000001
R12=0x000000000a577c30, R13=0x000000000000010d, R14=0x000000000000a220, R15=0x0000000000000000
RIP=0x0000000063c9537f, EFLAGS=0x0000000000010246

Top of Stack: (sp=0x00000000098be820)
0x00000000098be820:   00000000f32f6a14 0000000008bec000
0x00000000098be830:   0000000008bec000 0000000065b8b0b7
0x00000000098be840:   fffffffffffffffe 0000000065c6328c
0x00000000098be850:   000000000a577cb8 0000000063ca88ca
0x00000000098be860:   0000000000000000 0000000000000000
0x00000000098be870:   0000000008e3f7a0 0000000065b0b450
0x00000000098be880:   0000000008bec1e8 0000000063caac43
0x00000000098be890:   0000000008bec1e8 0000000000000111
0x00000000098be8a0:   00000000098be8a0 00000000f32f68d3
0x00000000098be8b0:   0000000000000000 000000000303fae2
0x00000000098be8c0:   0000000008bec000 00000000000000c3
0x00000000098be8d0:   0000000000000000 00000000098be8f0
0x00000000098be8e0:   0000000000000001 0000000000000000
0x00000000098be8f0:   00000000ff851668 fffffffffffffffe
0x00000000098be900:   000000000a577cb8 0000000008bec1e8
0x00000000098be910:   0000000000000000 00000000098be8f8 

Instructions: (pc=0x0000000063c9537f)
0x0000000063c9535f:   83 ec 30 48 c7 44 24 20 fe ff ff ff 48 89 5c 24
0x0000000063c9536f:   40 8b da 48 8b f9 48 8b 01 ff 10 90 48 8b 47 30
0x0000000063c9537f:   81 3c d8 00 80 00 00 77 04 33 db eb 04 48 8b 1c
0x0000000063c9538f:   d8 48 8b 17 48 8b cf ff 52 10 48 8b c3 48 8b 5c 


Register to memory mapping:

RAX=0x0000000008adde40 is an unknown value
RBX=0x000000000000a220 is an unknown value
RCX=0x0000000008a36e68 is an unknown value
RDX=0x000000000000a220 is an unknown value
RSP=0x00000000098be820 is pointing into the stack for thread: 0x0000000008bec000
RBP=0x00000000098be919 is pointing into the stack for thread: 0x0000000008bec000
RSI=0x0000000000000111 is an unknown value
RDI=0x0000000008a36e60 is an unknown value
R8 =0x0000000000000000 is an unknown value
R9 =0x0000000000000000 is an unknown value
R10=0x0000000063d12638 is an unknown value
R11=0x0000000000000001 is an unknown value
R12=0x000000000a577c30 is an unknown value
R13=0x000000000000010d is an unknown value
R14=0x000000000000a220 is an unknown value
R15=0x0000000000000000 is an unknown value


Stack: [0x00000000097c0000,0x00000000098c0000],  sp=0x00000000098be820,  free space=1018k
Native frames: (J=compiled Java code, j=interpreted, Vv=VM code, C=native code)
C  [awt.dll+0x7537f]

Java frames: (J=compiled Java code, j=interpreted, Vv=VM code)
j  sun.awt.windows.WToolkit.eventLoop()V+0
j  sun.awt.windows.WToolkit.run()V+61
j  java.lang.Thread.run()V+11
v  ~StubRoutines::call_stub

---------------  P R O C E S S  ---------------

Java Threads: ( => current thread )
  0x000000000a562000 JavaThread "DestroyJavaVM" [_thread_blocked, id=5608, stack(0x0000000002e20000,0x0000000002f20000)]
  0x000000000a561000 JavaThread "InfoUpdater" [_thread_blocked, id=3760, stack(0x000000000c1f0000,0x000000000c2f0000)]
  0x000000000a560800 JavaThread "OracleTimeoutPollingThread" daemon [_thread_blocked, id=5616, stack(0x000000000c0f0000,0x000000000c1f0000)]
  0x0000000008cdb000 JavaThread "com.mchange.v2.async.ThreadPoolAsynchronousRunner$PoolThread-#2" daemon [_thread_blocked, id=4748, stack(0x000000000bdf0000,0x000000000bef0000)]
  0x0000000008d59000 JavaThread "com.mchange.v2.async.ThreadPoolAsynchronousRunner$PoolThread-#1" daemon [_thread_blocked, id=5236, stack(0x000000000bcf0000,0x000000000bdf0000)]
  0x0000000008ce2000 JavaThread "com.mchange.v2.async.ThreadPoolAsynchronousRunner$PoolThread-#0" daemon [_thread_blocked, id=6184, stack(0x000000000bbf0000,0x000000000bcf0000)]
  0x0000000008d58800 JavaThread "Timer-0" daemon [_thread_blocked, id=6092, stack(0x000000000baf0000,0x000000000bbf0000)]
  0x000000000a403800 JavaThread "Thread-3" daemon [_thread_in_native, id=6784, stack(0x000000000b380000,0x000000000b480000)]
  0x00000000093a4000 JavaThread "TimerQueue" daemon [_thread_blocked, id=6660, stack(0x000000000b280000,0x000000000b380000)]
  0x0000000009083800 JavaThread "AWT-EventQueue-0" [_thread_blocked, id=6488, stack(0x0000000009dd0000,0x0000000009ed0000)]
=>0x0000000008bec000 JavaThread "AWT-Windows" daemon [_thread_in_native, id=2992, stack(0x00000000097c0000,0x00000000098c0000)]
  0x0000000008beb000 JavaThread "AWT-Shutdown" [_thread_blocked, id=4756, stack(0x00000000096c0000,0x00000000097c0000)]
  0x0000000008bea800 JavaThread "Java2D Disposer" daemon [_thread_blocked, id=6424, stack(0x00000000095c0000,0x00000000096c0000)]
  0x0000000006e6e000 JavaThread "Service Thread" daemon [_thread_blocked, id=736, stack(0x00000000085d0000,0x00000000086d0000)]
  0x0000000006e66000 JavaThread "C2 CompilerThread1" daemon [_thread_blocked, id=1272, stack(0x00000000084d0000,0x00000000085d0000)]
  0x0000000006e61000 JavaThread "C2 CompilerThread0" daemon [_thread_blocked, id=4336, stack(0x00000000083d0000,0x00000000084d0000)]
  0x0000000006e60800 JavaThread "Attach Listener" daemon [_thread_blocked, id=5140, stack(0x00000000082d0000,0x00000000083d0000)]
  0x0000000006e5d800 JavaThread "Signal Dispatcher" daemon [_thread_blocked, id=3076, stack(0x00000000081d0000,0x00000000082d0000)]
  0x000000000300e800 JavaThread "Finalizer" daemon [_thread_blocked, id=1716, stack(0x00000000080d0000,0x00000000081d0000)]
  0x0000000006e35800 JavaThread "Reference Handler" daemon [_thread_blocked, id=6164, stack(0x0000000007fd0000,0x00000000080d0000)]

Other Threads:
  0x0000000006e32000 VMThread [stack: 0x0000000007ed0000,0x0000000007fd0000] [id=6268]
  0x0000000006ea8800 WatcherThread [stack: 0x00000000086d0000,0x00000000087d0000] [id=6420]

VM state:not at safepoint (normal execution)

VM Mutex/Monitor currently owned by a thread: None

Heap
 PSYoungGen      total 38912K, used 21472K [0x00000000fd500000, 0x0000000100000000, 0x0000000100000000)
  eden space 33792K, 48% used [0x00000000fd500000,0x00000000fe4ff8b0,0x00000000ff600000)
  from space 5120K, 99% used [0x00000000ff600000,0x00000000ffaf88c8,0x00000000ffb00000)
  to   space 5120K, 0% used [0x00000000ffb00000,0x00000000ffb00000,0x0000000100000000)
 ParOldGen       total 87552K, used 13166K [0x00000000f7f80000, 0x00000000fd500000, 0x00000000fd500000)
  object space 87552K, 15% used [0x00000000f7f80000,0x00000000f8c5b858,0x00000000fd500000)
 PSPermGen       total 32256K, used 32069K [0x00000000f2d80000, 0x00000000f4d00000, 0x00000000f7f80000)
  object space 32256K, 99% used [0x00000000f2d80000,0x00000000f4cd15f0,0x00000000f4d00000)

Card table byte_map: [0x00000000060e0000,0x0000000006150000] byte_map_base: 0x0000000005949400

Polling page: 0x0000000002ce0000

Code Cache  [0x0000000003020000, 0x0000000003290000, 0x0000000006020000)
 total_blobs=977 nmethods=404 adapters=525 free_code_cache=47742Kb largest_free_block=48824832

Compilation events (10 events):
Event: 135.375 Thread 0x0000000006e61000  431             java.lang.ref.Reference::<init> (7 bytes)
Event: 135.376 Thread 0x0000000006e61000 nmethod 431 0x00000000030d0510 code [0x00000000030d0640, 0x00000000030d06b8]
Event: 135.412 Thread 0x0000000006e66000  432             java.awt.EventQueue::getNextEventPrivate (76 bytes)
Event: 135.415 Thread 0x0000000006e61000  433             java.util.concurrent.locks.ReentrantLock$Sync::nonfairTryAcquire (67 bytes)
Event: 135.416 Thread 0x0000000006e66000 nmethod 432 0x00000000030f5d90 code [0x00000000030f5ee0, 0x00000000030f6088]
Event: 135.417 Thread 0x0000000006e61000 nmethod 433 0x0000000003160550 code [0x0000000003160680, 0x0000000003160738]
Event: 184.948 Thread 0x0000000006e66000  434             java.util.regex.Pattern::compile (406 bytes)
Event: 184.995 Thread 0x0000000006e66000 nmethod 434 0x00000000030c3f10 code [0x00000000030c41c0, 0x00000000030c51c8]
Event: 227.102 Thread 0x0000000006e61000  435             sun.java2d.SunGraphics2D::getSurfaceData (5 bytes)
Event: 227.102 Thread 0x0000000006e61000 nmethod 435 0x0000000003102c10 code [0x0000000003102d40, 0x0000000003102d98]

GC Heap History (6 events):
Event: 1.349 GC heap before
{Heap before GC invocations=1 (full 0):
 PSYoungGen      total 38912K, used 33792K [0x00000000fd500000, 0x0000000100000000, 0x0000000100000000)
  eden space 33792K, 100% used [0x00000000fd500000,0x00000000ff600000,0x00000000ff600000)
  from space 5120K, 0% used [0x00000000ffb00000,0x00000000ffb00000,0x0000000100000000)
  to   space 5120K, 0% used [0x00000000ff600000,0x00000000ff600000,0x00000000ffb00000)
 ParOldGen       total 87552K, used 0K [0x00000000f7f80000, 0x00000000fd500000, 0x00000000fd500000)
  object space 87552K, 0% used [0x00000000f7f80000,0x00000000f7f80000,0x00000000fd500000)
 PSPermGen       total 21504K, used 18835K [0x00000000f2d80000, 0x00000000f4280000, 0x00000000f7f80000)
  object space 21504K, 87% used [0x00000000f2d80000,0x00000000f3fe4fb0,0x00000000f4280000)
Event: 1.362 GC heap after
Heap after GC invocations=1 (full 0):
 PSYoungGen      total 38912K, used 5118K [0x00000000fd500000, 0x0000000100000000, 0x0000000100000000)
  eden space 33792K, 0% used [0x00000000fd500000,0x00000000fd500000,0x00000000ff600000)
  from space 5120K, 99% used [0x00000000ff600000,0x00000000ffaffa70,0x00000000ffb00000)
  to   space 5120K, 0% used [0x00000000ffb00000,0x00000000ffb00000,0x0000000100000000)
 ParOldGen       total 87552K, used 1794K [0x00000000f7f80000, 0x00000000fd500000, 0x00000000fd500000)
  object space 87552K, 2% used [0x00000000f7f80000,0x00000000f81409b8,0x00000000fd500000)
 PSPermGen       total 21504K, used 18835K [0x00000000f2d80000, 0x00000000f4280000, 0x00000000f7f80000)
  object space 21504K, 87% used [0x00000000f2d80000,0x00000000f3fe4fb0,0x00000000f4280000)
}
Event: 3.705 GC heap before
{Heap before GC invocations=2 (full 0):
 PSYoungGen      total 38912K, used 38910K [0x00000000fd500000, 0x0000000100000000, 0x0000000100000000)
  eden space 33792K, 100% used [0x00000000fd500000,0x00000000ff600000,0x00000000ff600000)
  from space 5120K, 99% used [0x00000000ff600000,0x00000000ffaffa70,0x00000000ffb00000)
  to   space 5120K, 0% used [0x00000000ffb00000,0x00000000ffb00000,0x0000000100000000)
 ParOldGen       total 87552K, used 1794K [0x00000000f7f80000, 0x00000000fd500000, 0x00000000fd500000)
  object space 87552K, 2% used [0x00000000f7f80000,0x00000000f81409b8,0x00000000fd500000)
 PSPermGen       total 26624K, used 26525K [0x00000000f2d80000, 0x00000000f4780000, 0x00000000f7f80000)
  object space 26624K, 99% used [0x00000000f2d80000,0x00000000f4767598,0x00000000f4780000)
Event: 3.720 GC heap after
Heap after GC invocations=2 (full 0):
 PSYoungGen      total 38912K, used 5100K [0x00000000fd500000, 0x0000000100000000, 0x0000000100000000)
  eden space 33792K, 0% used [0x00000000fd500000,0x00000000fd500000,0x00000000ff600000)
  from space 5120K, 99% used [0x00000000ffb00000,0x00000000ffffb058,0x0000000100000000)
  to   space 5120K, 0% used [0x00000000ff600000,0x00000000ff600000,0x00000000ffb00000)
 ParOldGen       total 87552K, used 7476K [0x00000000f7f80000, 0x00000000fd500000, 0x00000000fd500000)
  object space 87552K, 8% used [0x00000000f7f80000,0x00000000f86cd1d8,0x00000000fd500000)
 PSPermGen       total 26624K, used 26525K [0x00000000f2d80000, 0x00000000f4780000, 0x00000000f7f80000)
  object space 26624K, 99% used [0x00000000f2d80000,0x00000000f4767598,0x00000000f4780000)
}
Event: 4.860 GC heap before
{Heap before GC invocations=3 (full 0):
 PSYoungGen      total 38912K, used 35148K [0x00000000fd500000, 0x0000000100000000, 0x0000000100000000)
  eden space 33792K, 88% used [0x00000000fd500000,0x00000000ff257ff0,0x00000000ff600000)
  from space 5120K, 99% used [0x00000000ffb00000,0x00000000ffffb058,0x0000000100000000)
  to   space 5120K, 0% used [0x00000000ff600000,0x00000000ff600000,0x00000000ffb00000)
 ParOldGen       total 87552K, used 7476K [0x00000000f7f80000, 0x00000000fd500000, 0x00000000fd500000)
  object space 87552K, 8% used [0x00000000f7f80000,0x00000000f86cd1d8,0x00000000fd500000)
 PSPermGen       total 32256K, used 31753K [0x00000000f2d80000, 0x00000000f4d00000, 0x00000000f7f80000)
  object space 32256K, 98% used [0x00000000f2d80000,0x00000000f4c82730,0x00000000f4d00000)
Event: 4.873 GC heap after
Heap after GC invocations=3 (full 0):
 PSYoungGen      total 38912K, used 5090K [0x00000000fd500000, 0x0000000100000000, 0x0000000100000000)
  eden space 33792K, 0% used [0x00000000fd500000,0x00000000fd500000,0x00000000ff600000)
  from space 5120K, 99% used [0x00000000ff600000,0x00000000ffaf88c8,0x00000000ffb00000)
  to   space 5120K, 0% used [0x00000000ffb00000,0x00000000ffb00000,0x0000000100000000)
 ParOldGen       total 87552K, used 13166K [0x00000000f7f80000, 0x00000000fd500000, 0x00000000fd500000)
  object space 87552K, 15% used [0x00000000f7f80000,0x00000000f8c5b858,0x00000000fd500000)
 PSPermGen       total 32256K, used 31753K [0x00000000f2d80000, 0x00000000f4d00000, 0x00000000f7f80000)
  object space 32256K, 98% used [0x00000000f2d80000,0x00000000f4c82730,0x00000000f4d00000)
}

Deoptimization events (10 events):
Event: 4.580 Thread 0x0000000002f24800 Uncommon trap: reason=class_check action=maybe_recompile pc=0x00000000030f60ec method=com.mchange.v2.c3p0.impl.NewProxyResultSet.wasNull()Z @ 18
Event: 4.581 Thread 0x0000000002f24800 Uncommon trap: reason=class_check action=maybe_recompile pc=0x00000000030f60ec method=com.mchange.v2.c3p0.impl.NewProxyResultSet.wasNull()Z @ 18
Event: 4.581 Thread 0x0000000002f24800 Uncommon trap: reason=class_check action=maybe_recompile pc=0x00000000030f60ec method=com.mchange.v2.c3p0.impl.NewProxyResultSet.wasNull()Z @ 18
Event: 4.581 Thread 0x0000000002f24800 Uncommon trap: reason=class_check action=maybe_recompile pc=0x00000000030f60ec method=com.mchange.v2.c3p0.impl.NewProxyResultSet.wasNull()Z @ 18
Event: 4.775 Thread 0x0000000002f24800 Uncommon trap: reason=class_check action=maybe_recompile pc=0x00000000031779cc method=javax.swing.tree.DefaultMutableTreeNode$PreorderEnumeration.nextElement()Ljavax/swing/tree/TreeNode; @ 17
Event: 4.775 Thread 0x0000000002f24800 Uncommon trap: reason=class_check action=maybe_recompile pc=0x00000000031779cc method=javax.swing.tree.DefaultMutableTreeNode$PreorderEnumeration.nextElement()Ljavax/swing/tree/TreeNode; @ 17
Event: 4.775 Thread 0x0000000002f24800 Uncommon trap: reason=class_check action=maybe_recompile pc=0x00000000031779cc method=javax.swing.tree.DefaultMutableTreeNode$PreorderEnumeration.nextElement()Ljavax/swing/tree/TreeNode; @ 17
Event: 4.775 Thread 0x0000000002f24800 Uncommon trap: reason=class_check action=maybe_recompile pc=0x00000000031779cc method=javax.swing.tree.DefaultMutableTreeNode$PreorderEnumeration.nextElement()Ljavax/swing/tree/TreeNode; @ 17
Event: 4.775 Thread 0x0000000002f24800 Uncommon trap: reason=class_check action=maybe_recompile pc=0x000000000317ec8c method=javax.swing.tree.DefaultMutableTreeNode$PreorderEnumeration.nextElement()Ljavax/swing/tree/TreeNode; @ 17
Event: 4.778 Thread 0x0000000002f24800 Uncommon trap: reason=bimorphic action=maybe_recompile pc=0x000000000314d4e8 method=javax.swing.UIDefaults.getFromHashtable(Ljava/lang/Object;)Ljava/lang/Object; @ 126

Internal exceptions (10 events):
Event: 4.798 Thread 0x0000000002f24800 Threw 0x00000000ff177050 at C:\re\jdk7u79\2331\hotspot\src\share\vm\prims\jvm.cpp:1304
Event: 4.798 Thread 0x0000000002f24800 Threw 0x00000000ff17e940 at C:\re\jdk7u79\2331\hotspot\src\share\vm\prims\jvm.cpp:1304
Event: 4.799 Thread 0x0000000002f24800 Threw 0x00000000ff185cc8 at C:\re\jdk7u79\2331\hotspot\src\share\vm\prims\jvm.cpp:1304
Event: 4.799 Thread 0x0000000002f24800 Threw 0x00000000ff18ac48 at C:\re\jdk7u79\2331\hotspot\src\share\vm\prims\jvm.cpp:1304
Event: 4.888 Thread 0x0000000002f24800 Threw 0x00000000fd8eaa08 at C:\re\jdk7u79\2331\hotspot\src\share\vm\prims\jvm.cpp:1304
Event: 4.905 Thread 0x0000000009083800 Threw 0x00000000fd93f4c8 at C:\re\jdk7u79\2331\hotspot\src\share\vm\prims\jvm.cpp:1304
Event: 4.908 Thread 0x0000000009083800 Threw 0x00000000fd94e8c0 at C:\re\jdk7u79\2331\hotspot\src\share\vm\prims\jvm.cpp:1304
Event: 4.913 Thread 0x0000000009083800 Threw 0x00000000fd95fc60 at C:\re\jdk7u79\2331\hotspot\src\share\vm\prims\jvm.cpp:1304
Event: 141.091 Thread 0x0000000009083800 Threw 0x00000000fe126718 at C:\re\jdk7u79\2331\hotspot\src\share\vm\prims\jvm.cpp:1304
Event: 141.092 Thread 0x0000000009083800 Threw 0x00000000fe12f600 at C:\re\jdk7u79\2331\hotspot\src\share\vm\prims\jvm.cpp:1304

Events (10 events):
Event: 141.092 loading class 0x000000000a6da1c0
Event: 141.092 loading class 0x000000000a6da1c0 done
Event: 141.093 Thread 0x000000000a562800 Thread added: 0x000000000a562800
Event: 141.094 Executing VM operation: RevokeBias
Event: 141.094 Executing VM operation: RevokeBias done
Event: 141.094 Executing VM operation: RevokeBias
Event: 141.094 Executing VM operation: RevokeBias done
Event: 146.095 Executing VM operation: RevokeBias
Event: 146.095 Executing VM operation: RevokeBias done
Event: 146.095 Thread 0x000000000a562800 Thread exited: 0x000000000a562800


Dynamic libraries:
0x00007ff6f0de0000 - 0x00007ff6f0e13000 	C:\Program Files\Java\jre7\bin\javaw.exe
0x00007ff990ac0000 - 0x00007ff990c6d000 	C:\Windows\SYSTEM32\ntdll.dll
0x00007ff98e670000 - 0x00007ff98e7ae000 	C:\Windows\system32\KERNEL32.DLL
0x00007ff98dff0000 - 0x00007ff98e105000 	C:\Windows\system32\KERNELBASE.dll
0x00007ff98c760000 - 0x00007ff98c7ee000 	C:\Windows\system32\apphelp.dll
0x00007ff97c060000 - 0x00007ff97c0b3000 	C:\Windows\AppPatch\AppPatch64\AcGenral.DLL
0x00007ff98fea0000 - 0x00007ff98ff4a000 	C:\Windows\system32\msvcrt.dll
0x00007ff98e110000 - 0x00007ff98e13e000 	C:\Windows\system32\SspiCli.dll
0x00007ff98e7b0000 - 0x00007ff98e804000 	C:\Windows\system32\SHLWAPI.dll
0x00007ff990100000 - 0x00007ff990277000 	C:\Windows\system32\USER32.dll
0x00007ff98e420000 - 0x00007ff98e5b4000 	C:\Windows\system32\ole32.dll
0x00007ff98e820000 - 0x00007ff98fd49000 	C:\Windows\system32\SHELL32.dll
0x00007ff98d160000 - 0x00007ff98d181000 	C:\Windows\SYSTEM32\USERENV.dll
0x00007ff9905a0000 - 0x00007ff99064a000 	C:\Windows\system32\ADVAPI32.dll
0x00007ff981740000 - 0x00007ff98175e000 	C:\Windows\SYSTEM32\MPR.dll
0x00007ff98ffb0000 - 0x00007ff9900f0000 	C:\Windows\system32\RPCRT4.dll
0x00007ff990a60000 - 0x00007ff990ab9000 	C:\Windows\SYSTEM32\sechost.dll
0x00007ff9906b0000 - 0x00007ff9908c2000 	C:\Windows\SYSTEM32\combase.dll
0x00007ff98fd50000 - 0x00007ff98fe9b000 	C:\Windows\system32\GDI32.dll
0x00007ff98dbe0000 - 0x00007ff98dbf5000 	C:\Windows\SYSTEM32\profapi.dll
0x00007ff98c6a0000 - 0x00007ff98c752000 	C:\Windows\SYSTEM32\SHCORE.dll
0x00007ff98e630000 - 0x00007ff98e666000 	C:\Windows\system32\IMM32.DLL
0x00007ff990440000 - 0x00007ff990592000 	C:\Windows\system32\MSCTF.dll
0x00007ff98dba0000 - 0x00007ff98dbd0000 	C:\Windows\system32\nvinitx.dll
0x00007ff98db90000 - 0x00007ff98db9a000 	C:\Windows\SYSTEM32\VERSION.dll
0x00000000672b0000 - 0x00000000672b6000 	C:\Program Files\NVIDIA Corporation\CoProcManager\_etoured.dll
0x00007ff9882d0000 - 0x00007ff988308000 	C:\Program Files\NVIDIA Corporation\CoProcManager\nvd3d9wrapx.dll
0x00007ff98e140000 - 0x00007ff98e31a000 	C:\Windows\system32\SETUPAPI.dll
0x00007ff98dfa0000 - 0x00007ff98dfef000 	C:\Windows\system32\CFGMGR32.dll
0x00007ff9882a0000 - 0x00007ff9882c4000 	C:\Program Files\NVIDIA Corporation\CoProcManager\nvdxgiwrapx.dll
0x00007ff98baf0000 - 0x00007ff98bd6b000 	C:\Windows\WinSxS\amd64_microsoft.windows.common-controls_6595b64144ccf1df_6.0.9600.18006_none_623f33d3ecbe86e8\COMCTL32.dll
0x0000000066250000 - 0x0000000066322000 	C:\Program Files\Java\jre7\bin\msvcr100.dll
0x0000000065a70000 - 0x0000000066245000 	C:\Program Files\Java\jre7\bin\server\jvm.dll
0x00007ff98a3e0000 - 0x00007ff98a3e9000 	C:\Windows\SYSTEM32\WSOCK32.dll
0x00007ff987780000 - 0x00007ff9877a2000 	C:\Windows\SYSTEM32\WINMM.dll
0x00007ff98e810000 - 0x00007ff98e817000 	C:\Windows\system32\PSAPI.DLL
0x00007ff98ff50000 - 0x00007ff98ffaa000 	C:\Windows\system32\WS2_32.dll
0x00007ff987600000 - 0x00007ff98762a000 	C:\Windows\SYSTEM32\WINMMBASE.dll
0x00007ff98e410000 - 0x00007ff98e419000 	C:\Windows\system32\NSI.dll
0x00007ff98c9d0000 - 0x00007ff98c9f8000 	C:\Windows\SYSTEM32\DEVOBJ.dll
0x0000000065a60000 - 0x0000000065a6f000 	C:\Program Files\Java\jre7\bin\verify.dll
0x0000000065a30000 - 0x0000000065a58000 	C:\Program Files\Java\jre7\bin\java.dll
0x0000000065a10000 - 0x0000000065a25000 	C:\Program Files\Java\jre7\bin\zip.dll
0x0000000063c20000 - 0x0000000063db5000 	C:\Program Files\Java\jre7\bin\awt.dll
0x00007ff98e320000 - 0x00007ff98e3e6000 	C:\Windows\system32\OLEAUT32.dll
0x00007ff98bd70000 - 0x00007ff98bd91000 	C:\Windows\system32\DWMAPI.DLL
0x00007ff98c830000 - 0x00007ff98c959000 	C:\Windows\system32\uxtheme.dll
0x00007ff98ca00000 - 0x00007ff98ca0b000 	C:\Windows\SYSTEM32\kernel.appcore.dll
0x00007ff98da70000 - 0x00007ff98da7b000 	C:\Windows\SYSTEM32\CRYPTBASE.dll
0x00007ff98da00000 - 0x00007ff98da63000 	C:\Windows\SYSTEM32\bcryptPrimitives.dll
0x0000000063bd0000 - 0x0000000063c17000 	C:\Program Files\Java\jre7\bin\fontmanager.dll
0x00000000659f0000 - 0x0000000065a0a000 	C:\Program Files\Java\jre7\bin\net.dll
0x00007ff98d3d0000 - 0x00007ff98d429000 	C:\Windows\system32\mswsock.dll
0x00000000659d0000 - 0x00000000659e1000 	C:\Program Files\Java\jre7\bin\nio.dll
0x0000000063bc0000 - 0x0000000063bcb000 	C:\Program Files\Java\jre7\bin\management.dll
0x00000000659a0000 - 0x00000000659c4000 	C:\Program Files\Java\jre7\bin\sunec.dll
0x00007ff982e30000 - 0x00007ff982e45000 	C:\Windows\system32\napinsp.dll
0x00007ff982e50000 - 0x00007ff982e6a000 	C:\Windows\system32\pnrpnsp.dll
0x00007ff98af20000 - 0x00007ff98af3b000 	C:\Windows\system32\NLAapi.dll
0x00007ff98d1d0000 - 0x00007ff98d274000 	C:\Windows\SYSTEM32\DNSAPI.dll
0x00007ff982e70000 - 0x00007ff982e7d000 	C:\Windows\System32\winrnr.dll
0x00007ff982e80000 - 0x00007ff982e94000 	C:\Windows\system32\wshbth.dll
0x00007ff984420000 - 0x00007ff98442a000 	C:\Windows\System32\rasadhlp.dll
0x00007ff98a3a0000 - 0x00007ff98a3ca000 	C:\Windows\SYSTEM32\IPHLPAPI.DLL
0x00007ff98a380000 - 0x00007ff98a38a000 	C:\Windows\SYSTEM32\WINNSI.DLL
0x00007ff989f10000 - 0x00007ff989f7b000 	C:\Windows\System32\fwpuclnt.dll
0x00007ff98d430000 - 0x00007ff98d450000 	C:\Windows\SYSTEM32\CRYPTSP.dll
0x00007ff98d630000 - 0x00007ff98d666000 	C:\Windows\system32\rsaenh.dll
0x00007ff98d6e0000 - 0x00007ff98d706000 	C:\Windows\SYSTEM32\bcrypt.dll
0x00007ff989e30000 - 0x00007ff989e46000 	C:\Windows\SYSTEM32\dhcpcsvc6.DLL
0x00007ff98a040000 - 0x00007ff98a05a000 	C:\Windows\SYSTEM32\dhcpcsvc.DLL
0x0000000063b70000 - 0x0000000063bb1000 	C:\Program Files\Java\jre7\bin\t2k.dll
0x00007ff987630000 - 0x00007ff9876b2000 	C:\Windows\SYSTEM32\WINSPOOL.DRV
0x00007ff9908e0000 - 0x00007ff990996000 	C:\Windows\SYSTEM32\clbcatq.dll
0x00007ff988070000 - 0x00007ff98821e000 	C:\Windows\SYSTEM32\WindowsCodecs.dll
0x0000000063b40000 - 0x0000000063b6a000 	C:\Program Files\Java\jre7\bin\dcpr.dll
0x00007ff9857e0000 - 0x00007ff985844000 	C:\Windows\system32\Ninput.dll
0x00007ff97c740000 - 0x00007ff97c8c9000 	C:\Windows\SYSTEM32\dbghelp.dll

VM Arguments:
jvm_args: -Xms128m -Xmx128m -Dorg.adempiere.server.embedded=true -DPropertyFile=D:\Topra\workspace\SPC_customization\Adempiere.properties -Dfile.encoding=UTF-8 
java_command: org.compiere.Adempiere
Launcher Type: SUN_STANDARD

Environment Variables:
JAVA_HOME=C:\Program Files\Java\jdk1.7.0_79
PATH=C:\app\adempiere\product\12.1.0\dbhome_1\bin;C:\Windows\system32;C:\Windows;C:\Windows\System32\Wbem;C:\Windows\System32\WindowsPowerShell\v1.0\;C:\Program Files\Java\jdk1.7.0_79\bin;C:\Program Files (x86)\NVIDIA Corporation\PhysX\Common;C:\Program Files (x86)\PostgreSQL\9.4\bin;C:\Program Files\PuTTY\
USERNAME=Dissanayaka
OS=Windows_NT
PROCESSOR_IDENTIFIER=Intel64 Family 6 Model 42 Stepping 7, GenuineIntel



---------------  S Y S T E M  ---------------

OS: Windows 8.1 , 64 bit Build 9600 

CPU:total 4 (2 cores per cpu, 2 threads per core) family 6 model 42 stepping 7, cmov, cx8, fxsr, mmx, sse, sse2, sse3, ssse3, sse4.1, sse4.2, popcnt, avx, aes, ht, tsc, tscinvbit

Memory: 4k page, physical 8195260k(2628072k free), swap 12411820k(3295356k free)

vm_info: Java HotSpot(TM) 64-Bit Server VM (24.79-b02) for windows-amd64 JRE (1.7.0_79-b15), built on Apr 10 2015 12:36:16 by "java_re" with unknown MS VC++:1600

time: Sat Sep 23 21:22:15 2017
elapsed time: 228 seconds

